Windows PowerShell
Copyright (C) Microsoft Corporation. Todos los derechos reservados.

Instale la versión más reciente de PowerShell para obtener nuevas características y mejoras. https://aka.ms/PSWindows

PS C:\Users\cfvalenzuela.vidal\calculadora-pedidos> mvn test
[INFO] Scanning for projects...
[INFO] 
[INFO] ------------------< com.ejemplo:calculadora-pedidos >-------------------
[INFO] Building calculadora-pedidos 1.0-SNAPSHOT
[INFO]   from pom.xml
[INFO] --------------------------------[ jar ]---------------------------------
[INFO] 
[INFO] --- resources:3.3.1:resources (default-resources) @ calculadora-pedidos ---
[WARNING] Using platform encoding (Cp1252 actually) to copy filtered resources, i.e. build is platform dependent!
[INFO] skip non existing resourceDirectory C:\Users\cfvalenzuela.vidal\calculadora-pedidos\src\main\resources
[INFO]
[INFO] --- compiler:3.13.0:compile (default-compile) @ calculadora-pedidos ---
[INFO] Recompiling the module because of changed source code.
[WARNING] File encoding has not been set, using platform encoding windows-1252, i.e. build is platform dependent!
[INFO] Compiling 3 source files with javac [debug target 1.8] to target\classes
[WARNING] bootstrap class path not set in conjunction with -source 8
[INFO]
[INFO] --- resources:3.3.1:testResources (default-testResources) @ calculadora-pedidos ---
[WARNING] Using platform encoding (Cp1252 actually) to copy filtered resources, i.e. build is platform dependent!
[INFO] skip non existing resourceDirectory C:\Users\cfvalenzuela.vidal\calculadora-pedidos\src\test\resources
[INFO]
[INFO] --- compiler:3.13.0:testCompile (default-testCompile) @ calculadora-pedidos ---
[INFO] Recompiling the module because of changed dependency.
[WARNING] File encoding has not been set, using platform encoding windows-1252, i.e. build is platform dependent!
[INFO] Compiling 2 source files with javac [debug target 1.8] to target\test-classes
[INFO] Some messages have been simplified; recompile with -Xdiags:verbose to get full output
[INFO] -------------------------------------------------------------
[WARNING] COMPILATION WARNING :
[INFO] -------------------------------------------------------------
[WARNING] bootstrap class path not set in conjunction with -source 8
[INFO] 1 warning
[INFO] -------------------------------------------------------------
[INFO] -------------------------------------------------------------
[ERROR] COMPILATION ERROR :
[INFO] -------------------------------------------------------------
[ERROR] /C:/Users/cfvalenzuela.vidal/calculadora-pedidos/src/test/java/com/ejemplo/PedidoServiceTest.java:[7,29] constructor PedidoService in class com.ejemplo.PedidoService cannot be applied to given types;
  required: com.ejemplo.DescuentoRepository
  found:    no arguments
  reason: actual and formal argument lists differ in length
[ERROR] /C:/Users/cfvalenzuela.vidal/calculadora-pedidos/src/test/java/com/ejemplo/PedidoServiceTest.java:[11,51] incompatible types: boolean cannot be converted to java.lang.String
[ERROR] /C:/Users/cfvalenzuela.vidal/calculadora-pedidos/src/test/java/com/ejemplo/PedidoServiceTest.java:[17,51] incompatible types: boolean cannot be converted to java.lang.String
[ERROR] /C:/Users/cfvalenzuela.vidal/calculadora-pedidos/src/test/java/com/ejemplo/PedidoServiceTest.java:[23,51] incompatible types: boolean cannot be converted to java.lang.String
[ERROR] /C:/Users/cfvalenzuela.vidal/calculadora-pedidos/src/test/java/com/ejemplo/PedidoServiceTest.java:[29,51] incompatible types: boolean cannot be converted to java.lang.String
[INFO] 5 errors
[INFO] -------------------------------------------------------------
[INFO] ------------------------------------------------------------------------
[INFO] BUILD FAILURE
[INFO] ------------------------------------------------------------------------
[INFO] Total time:  2.473 s
[INFO] Finished at: 2025-06-23T22:35:27-04:00
[INFO] ------------------------------------------------------------------------
[ERROR] Failed to execute goal org.apache.maven.plugins:maven-compiler-plugin:3.13.0:testCompile (default-testCompile) on project calculadora-pedidos: Compilation failure: Compilation failure:
[ERROR] /C:/Users/cfvalenzuela.vidal/calculadora-pedidos/src/test/java/com/ejemplo/PedidoServiceTest.java:[7,29] constructor PedidoService in class com.ejemplo.PedidoService cannot be applied to given types;
 to java.lang.String
[ERROR] /C:/Users/cfvalenzuela.vidal/calculadora-pedidos/src/test/java/com/ejemplo/PedidoServiceTest.java:[17,51] incompatible types: boolean cannot be converted to java.lang.String
[ERROR] /C:/Users/cfvalenzuela.vidal/calculadora-pedidos/src/test/java/com/ejemplo/PedidoServiceTest.java:[23,51] incompatible types: boolean cannot be converted to java.lang.String
[ERROR] /C:/Users/cfvalenzuela.vidal/calculadora-pedidos/src/test/java/com/ejemplo/PedidoServiceTest.java:[29,51] incompatible types: boolean cannot be converted to java.lang.String
[ERROR] -> [Help 1]
[ERROR]
[ERROR] To see the full stack trace of the errors, re-run Maven with the -e switch.
[ERROR] Re-run Maven using the -X switch to enable full debug logging.
[ERROR]
[ERROR] For more information about the errors and possible solutions, please read the following articles:
[ERROR] [Help 1] http://cwiki.apache.org/confluence/display/MAVEN/MojoFailureException
PS C:\Users\cfvalenzuela.vidal\calculadora-pedidos> mvn test
[INFO] Scanning for projects...
[INFO] 
[INFO] ------------------< com.ejemplo:calculadora-pedidos >-------------------
[INFO] Building calculadora-pedidos 1.0-SNAPSHOT
[INFO]   from pom.xml
[INFO] --------------------------------[ jar ]---------------------------------
[INFO] 
[INFO] --- resources:3.3.1:resources (default-resources) @ calculadora-pedidos ---
[WARNING] Using platform encoding (Cp1252 actually) to copy filtered resources, i.e. build is platform dependent!
[INFO] skip non existing resourceDirectory C:\Users\cfvalenzuela.vidal\calculadora-pedidos\src\main\resources
[INFO]
[INFO] --- compiler:3.13.0:compile (default-compile) @ calculadora-pedidos ---
[INFO] Nothing to compile - all classes are up to date.
[INFO]
[INFO] --- resources:3.3.1:testResources (default-testResources) @ calculadora-pedidos ---
[WARNING] Using platform encoding (Cp1252 actually) to copy filtered resources, i.e. build is platform dependent!
[INFO] skip non existing resourceDirectory C:\Users\cfvalenzuela.vidal\calculadora-pedidos\src\test\resources
[INFO]
[INFO] --- compiler:3.13.0:testCompile (default-testCompile) @ calculadora-pedidos ---
[INFO] Recompiling the module because of changed source code.
[WARNING] File encoding has not been set, using platform encoding windows-1252, i.e. build is platform dependent!
[INFO] Compiling 2 source files with javac [debug target 1.8] to target\test-classes
[WARNING] bootstrap class path not set in conjunction with -source 8
[INFO]
[INFO] --- surefire:3.2.5:test (default-test) @ calculadora-pedidos ---
[INFO] Using auto detected provider org.apache.maven.surefire.junitplatform.JUnitPlatformProvider
Downloading from central: https://repo.maven.apache.org/maven2/org/apache/maven/surefire/surefire-junit-platform/3.2.5/surefire-junit-platform-3.2.5.pom
Downloaded from central: https://repo.maven.apache.org/maven2/org/apache/maven/surefire/surefire-junit-platform/3.2.5/surefire-junit-platform-3.2.5.pom (4.7 kB at 8.4 kB/s)
Downloading from central: https://repo.maven.apache.org/maven2/org/junit/platform/junit-platform-launcher/1.9.3/junit-platform-launcher-1.9.3.pom
Downloaded from central: https://repo.maven.apache.org/maven2/org/junit/platform/junit-platform-launcher/1.9.3/junit-platform-launcher-1.9.3.pom (3.0 kB at 20 kB/s)
Downloading from central: https://repo.maven.apache.org/maven2/org/junit/platform/junit-platform-engine/1.9.3/junit-platform-engine-1.9.3.pom
Downloaded from central: https://repo.maven.apache.org/maven2/org/junit/platform/junit-platform-engine/1.9.3/junit-platform-engine-1.9.3.pom (3.2 kB at 24 kB/s)
Downloading from central: https://repo.maven.apache.org/maven2/org/opentest4j/opentest4j/1.2.0/opentest4j-1.2.0.pom
Downloaded from central: https://repo.maven.apache.org/maven2/org/opentest4j/opentest4j/1.2.0/opentest4j-1.2.0.pom (1.7 kB at 19 kB/s)
Downloading from central: https://repo.maven.apache.org/maven2/org/junit/platform/junit-platform-commons/1.9.3/junit-platform-commons-1.9.3.pom
Downloaded from central: https://repo.maven.apache.org/maven2/org/junit/platform/junit-platform-commons/1.9.3/junit-platform-commons-1.9.3.pom (2.8 kB at 29 kB/s)
Downloading from central: https://repo.maven.apache.org/maven2/org/apache/maven/surefire/surefire-junit-platform/3.2.5/surefire-junit-platform-3.2.5.jar
Downloaded from central: https://repo.maven.apache.org/maven2/org/apache/maven/surefire/surefire-junit-platform/3.2.5/surefire-junit-platform-3.2.5.jar (27 kB at 200 kB/s)
Downloading from central: https://repo.maven.apache.org/maven2/org/junit/platform/junit-platform-launcher/1.9.3/junit-platform-launcher-1.9.3.jar
Downloading from central: https://repo.maven.apache.org/maven2/org/junit/platform/junit-platform-engine/1.9.3/junit-platform-engine-1.9.3.jar
Downloading from central: https://repo.maven.apache.org/maven2/org/opentest4j/opentest4j/1.2.0/opentest4j-1.2.0.jar
Downloading from central: https://repo.maven.apache.org/maven2/org/junit/platform/junit-platform-commons/1.9.3/junit-platform-commons-1.9.3.jar
Downloaded from central: https://repo.maven.apache.org/maven2/org/opentest4j/opentest4j/1.2.0/opentest4j-1.2.0.jar (7.7 kB at 26 kB/s)
Downloaded from central: https://repo.maven.apache.org/maven2/org/junit/platform/junit-platform-commons/1.9.3/junit-platform-commons-1.9.3.jar (103 kB at 251 kB/s)
Downloaded from central: https://repo.maven.apache.org/maven2/org/junit/platform/junit-platform-launcher/1.9.3/junit-platform-launcher-1.9.3.jar (169 kB at 240 kB/s)
Downloaded from central: https://repo.maven.apache.org/maven2/org/junit/platform/junit-platform-engine/1.9.3/junit-platform-engine-1.9.3.jar (189 kB at 248 kB/s)
[INFO] 
[INFO] -------------------------------------------------------
[INFO]  T E S T S
[INFO] -------------------------------------------------------
[INFO] Running com.ejemplo.PedidoServiceMockTest
Java HotSpot(TM) 64-Bit Server VM warning: Sharing is only supported for boot loader classes because bootstrap classpath has been appended
[INFO] Tests run: 1, Failures: 0, Errors: 0, Skipped: 0, Time elapsed: 1.783 s -- in com.ejemplo.PedidoServiceMockTest
[INFO] Running com.ejemplo.PedidoServiceTest
[INFO] Tests run: 4, Failures: 0, Errors: 0, Skipped: 0, Time elapsed: 0.034 s -- in com.ejemplo.PedidoServiceTest
[INFO] 
[INFO] Results:
[INFO]
[INFO] Tests run: 5, Failures: 0, Errors: 0, Skipped: 0
[INFO] 
[INFO] ------------------------------------------------------------------------
[INFO] BUILD SUCCESS
[INFO] ------------------------------------------------------------------------
[INFO] Total time:  9.974 s
[INFO] Finished at: 2025-06-23T22:40:27-04:00
[INFO] ------------------------------------------------------------------------
PS C:\Users\cfvalenzuela.vidal\calculadora-pedidos> 